android/build/outputs/logs/manifest-merger-release-report.txt
-- Merging decision tree log ---
manifest
ADDED from SuperCaveJumper/android/AndroidManifest.xml:2:1-28:12
	package
		ADDED from SuperCaveJumper/android/AndroidManifest.xml:3:5-31
		INJECTED from SuperCaveJumper/android/AndroidManifest.xml
		INJECTED from SuperCaveJumper/android/AndroidManifest.xml
	android:versionName
		ADDED from SuperCaveJumper/android/AndroidManifest.xml:5:5-32
		INJECTED from SuperCaveJumper/android/AndroidManifest.xml
		INJECTED from SuperCaveJumper/android/AndroidManifest.xml
	android:versionCode
		ADDED from SuperCaveJumper/android/AndroidManifest.xml:4:5-30
		INJECTED from SuperCaveJumper/android/AndroidManifest.xml
		INJECTED from SuperCaveJumper/android/AndroidManifest.xml
	xmlns:android
		ADDED from SuperCaveJumper/android/AndroidManifest.xml:2:11-69
uses-sdk
ADDED from SuperCaveJumper/android/AndroidManifest.xml:7:5-73
MERGED from [com.google.android.gms:play-services-ads:8.3.0] AndroidManifest.xml:23:5-42
MERGED from [com.google.android.gms:play-services-basement:8.3.0] AndroidManifest.xml:18:5-42
MERGED from [com.android.support:support-v4:22.2.0] AndroidManifest.xml:20:5-43
	android:targetSdkVersion
		ADDED from SuperCaveJumper/android/AndroidManifest.xml:7:41-70
		INJECTED from SuperCaveJumper/android/AndroidManifest.xml
		INJECTED from SuperCaveJumper/android/AndroidManifest.xml
	android:minSdkVersion
		ADDED from SuperCaveJumper/android/AndroidManifest.xml:7:15-40
		INJECTED from SuperCaveJumper/android/AndroidManifest.xml
		INJECTED from SuperCaveJumper/android/AndroidManifest.xml
uses-permission#android.permission.INTERNET
ADDED from SuperCaveJumper/android/AndroidManifest.xml:8:5-66
MERGED from [com.google.android.gms:play-services-ads:8.3.0] AndroidManifest.xml:20:5-66
	android:name
		ADDED from SuperCaveJumper/android/AndroidManifest.xml:8:22-64
uses-permission#android.permission.ACCESS_NETWORK_STATE
ADDED from SuperCaveJumper/android/AndroidManifest.xml:9:5-78
MERGED from [com.google.android.gms:play-services-ads:8.3.0] AndroidManifest.xml:21:5-78
	android:name
		ADDED from SuperCaveJumper/android/AndroidManifest.xml:9:22-76
application
ADDED from SuperCaveJumper/android/AndroidManifest.xml:11:5-26:19
MERGED from [com.google.android.gms:play-services-ads:8.3.0] AndroidManifest.xml:24:5-32:19
MERGED from [com.google.android.gms:play-services-basement:8.3.0] AndroidManifest.xml:20:5-24:19
MERGED from [com.android.support:support-v4:22.2.0] AndroidManifest.xml:22:5-20
	android:label
		ADDED from SuperCaveJumper/android/AndroidManifest.xml:14:9-41
	android:hardwareAccelerated
		ADDED from SuperCaveJumper/android/AndroidManifest.xml:15:41-75
	android:allowBackup
		ADDED from SuperCaveJumper/android/AndroidManifest.xml:12:9-35
	android:icon
		ADDED from SuperCaveJumper/android/AndroidManifest.xml:13:9-45
	android:theme
		ADDED from SuperCaveJumper/android/AndroidManifest.xml:15:9-40
activity#com.flizzet.main.AndroidLauncher
ADDED from SuperCaveJumper/android/AndroidManifest.xml:16:9-25:20
	android:screenOrientation
		ADDED from SuperCaveJumper/android/AndroidManifest.xml:19:13-49
	android:label
		ADDED from SuperCaveJumper/android/AndroidManifest.xml:18:13-45
	android:configChanges
		ADDED from SuperCaveJumper/android/AndroidManifest.xml:20:13-83
	android:name
		ADDED from SuperCaveJumper/android/AndroidManifest.xml:17:13-60
intent-filter#android.intent.action.MAIN+android.intent.category.LAUNCHER
ADDED from SuperCaveJumper/android/AndroidManifest.xml:21:13-24:29
action#android.intent.action.MAIN
ADDED from SuperCaveJumper/android/AndroidManifest.xml:22:17-69
	android:name
		ADDED from SuperCaveJumper/android/AndroidManifest.xml:22:25-66
category#android.intent.category.LAUNCHER
ADDED from SuperCaveJumper/android/AndroidManifest.xml:23:17-77
	android:name
		ADDED from SuperCaveJumper/android/AndroidManifest.xml:23:27-74
activity#com.google.android.gms.ads.AdActivity
ADDED from [com.google.android.gms:play-services-ads:8.3.0] AndroidManifest.xml:26:9-29:64
	android:configChanges
		ADDED from [com.google.android.gms:play-services-ads:8.3.0] AndroidManifest.xml:28:13-122
	android:theme
		ADDED from [com.google.android.gms:play-services-ads:8.3.0] AndroidManifest.xml:29:13-61
	android:name
		ADDED from [com.google.android.gms:play-services-ads:8.3.0] AndroidManifest.xml:27:13-65
activity#com.google.android.gms.ads.purchase.InAppPurchaseActivity
ADDED from [com.google.android.gms:play-services-ads:8.3.0] AndroidManifest.xml:30:9-31:52
	android:theme
		ADDED from [com.google.android.gms:play-services-ads:8.3.0] AndroidManifest.xml:31:13-50
	android:name
		ADDED from [com.google.android.gms:play-services-ads:8.3.0] AndroidManifest.xml:30:19-91
meta-data#com.google.android.gms.version
ADDED from [com.google.android.gms:play-services-basement:8.3.0] AndroidManifest.xml:21:9-23:69
	android:value
		ADDED from [com.google.android.gms:play-services-basement:8.3.0] AndroidManifest.xml:23:13-66
	android:name
		ADDED from [com.google.android.gms:play-services-basement:8.3.0] AndroidManifest.xml:22:13-58